build/app/intermediates/manifest_merge_blame_file/debug/manifest-merger-blame-debug-report.txt
1<?xml version="1.0" encoding="utf-8"?>
2<manifest xmlns:android="http://schemas.android.com/apk/res/android"
3    package="co.appbrewery.dicee"
4    android:versionCode="1"
5    android:versionName="1.0.0" >
6
7    <uses-sdk
8        android:minSdkVersion="16"
8-->src/main/AndroidManifest.xml
9        android:targetSdkVersion="31" />
9-->src/main/AndroidManifest.xml
10
11    <!--
12         The INTERNET permission is required for development. Specifically,
13         flutter needs it to communicate with the running application
14         to allow setting breakpoints, to provide hot reload, etc.
15    -->
16    <uses-permission android:name="android.permission.INTERNET" />
16-->src/main/AndroidManifest.xml:8:5-66
16-->src/main/AndroidManifest.xml:8:22-64
17    <!--
18     io.flutter.app.FlutterApplication is an android.app.Application that
19         calls FlutterMain.startInitialization(this); in its onCreate method.
20         In most cases you can leave this as-is, but you if you want to provide
21         additional functionality it is fine to subclass or reimplement
22         FlutterApplication and put your custom class here.
23    -->
24    <application
25        android:name="android.app.Application"
25-->src/main/AndroidManifest.xml:16:7-40
26        android:appComponentFactory="androidx.core.app.CoreComponentFactory"
26-->[androidx.core:core:1.6.0] AndroidManifest.xml:24:18-86
27        android:debuggable="true"
28        android:icon="@mipmap/ic_launcher"
28-->src/main/AndroidManifest.xml:18:7-41
29        android:label="dicee" >
29-->src/main/AndroidManifest.xml:17:7-28
30        <meta-data
30-->src/main/AndroidManifest.xml:20:9-71
31            android:name="flutterEmbedding"
31-->src/main/AndroidManifest.xml:20:20-51
32            android:value="2" />
32-->src/main/AndroidManifest.xml:20:52-69
33
34        <activity
34-->src/main/AndroidManifest.xml:22:9-41:20
35            android:name="io.flutter.embedding.android.FlutterActivity"
35-->src/main/AndroidManifest.xml:23:11-70
36            android:configChanges="orientation|keyboardHidden|keyboard|screenSize|locale|layoutDirection|fontScale|screenLayout|density"
36-->src/main/AndroidManifest.xml:27:11-135
37            android:exported="true"
37-->src/main/AndroidManifest.xml:26:11-34
38            android:hardwareAccelerated="true"
38-->src/main/AndroidManifest.xml:28:11-45
39            android:launchMode="singleTop"
39-->src/main/AndroidManifest.xml:24:11-41
40            android:theme="@style/LaunchTheme"
40-->src/main/AndroidManifest.xml:25:11-45
41            android:windowSoftInputMode="adjustResize" >
41-->src/main/AndroidManifest.xml:29:11-53
42
43            <!--
44                 This keeps the window background of the activity showing
45                 until Flutter renders its first frame. It can be removed if
46                 there is no splash screen (such as the default splash screen
47                 defined in @style/LaunchTheme).
48            -->
49            <meta-data
49-->src/main/AndroidManifest.xml:34:13-36:38
50                android:name="io.flutter.app.android.SplashScreenUntilFirstFrame"
50-->src/main/AndroidManifest.xml:35:15-80
51                android:value="true" />
51-->src/main/AndroidManifest.xml:36:15-35
52
53            <intent-filter>
53-->src/main/AndroidManifest.xml:37:13-40:29
54                <action android:name="android.intent.action.MAIN" />
54-->src/main/AndroidManifest.xml:38:17-68
54-->src/main/AndroidManifest.xml:38:25-66
55
56                <category android:name="android.intent.category.LAUNCHER" />
56-->src/main/AndroidManifest.xml:39:17-76
56-->src/main/AndroidManifest.xml:39:27-74
57            </intent-filter>
58        </activity>
59
60        <uses-library
60-->[androidx.window:window:1.0.0-beta04] AndroidManifest.xml:25:9-27:40
61            android:name="androidx.window.extensions"
61-->[androidx.window:window:1.0.0-beta04] AndroidManifest.xml:26:13-54
62            android:required="false" />
62-->[androidx.window:window:1.0.0-beta04] AndroidManifest.xml:27:13-37
63        <uses-library
63-->[androidx.window:window:1.0.0-beta04] AndroidManifest.xml:28:9-30:40
64            android:name="androidx.window.sidecar"
64-->[androidx.window:window:1.0.0-beta04] AndroidManifest.xml:29:13-51
65            android:required="false" />
65-->[androidx.window:window:1.0.0-beta04] AndroidManifest.xml:30:13-37
66    </application>
67
68</manifest>